<?xml version="1.0" encoding="UTF-8"?>
<!-- Generated by org.testng.reporters.JUnitReportReporter -->
<testsuite hostname="0701-3Q91ZY2" failures="0" tests="2" name="core.TestNg" time="0.006" errors="0" timestamp="2021-10-12T11:32:17 PDT" skipped="0">
  <testcase classname="core.TestNg" name="testCase1" time="0.004"/>
  <system-out/>
  <testcase classname="core.TestNg" name="testCase2" time="0.002"/>
  <system-out/>
</testsuite> <!-- core.TestNg -->
