<?xml version="1.0" encoding="UTF-8"?>
<!-- Generated by org.testng.reporters.JUnitReportReporter -->
<testsuite hostname="0701-3Q91ZY2" failures="0" tests="1" name="core.TestNG_Parameters" time="0.008" errors="0" timestamp="2021-10-13T15:30:35 PDT" skipped="0">
  <testcase classname="core.TestNG_Parameters" name="Sum" time="0.008"/>
  <system-out/>
</testsuite> <!-- core.TestNG_Parameters -->
